[debug] [2024-11-11T07:42:45.122Z] ----------------------------------------------------------------------
[debug] [2024-11-11T07:42:45.124Z] Command:       C:\Program Files\nodejs\node.exe C:\Users\Vishnu\AppData\Roaming\npm\node_modules\firebase-tools\lib\bin\firebase.js init
[debug] [2024-11-11T07:42:45.124Z] CLI Version:   13.24.2
[debug] [2024-11-11T07:42:45.124Z] Platform:      win32
[debug] [2024-11-11T07:42:45.124Z] Node Version:  v20.17.0
[debug] [2024-11-11T07:42:45.124Z] Time:          Mon Nov 11 2024 13:12:45 GMT+0530 (India Standard Time)
[debug] [2024-11-11T07:42:45.124Z] ----------------------------------------------------------------------
[debug] 
[debug] [2024-11-11T07:42:45.128Z] > command requires scopes: ["email","openid","https://www.googleapis.com/auth/cloudplatformprojects.readonly","https://www.googleapis.com/auth/firebase","https://www.googleapis.com/auth/cloud-platform"]
[debug] [2024-11-11T07:42:45.129Z] > authorizing via signed-in user (vishnuskky2001@gmail.com)
[info] 
     ######## #### ########  ######## ########     ###     ######  ########
     ##        ##  ##     ## ##       ##     ##  ##   ##  ##       ##
     ######    ##  ########  ######   ########  #########  ######  ######
     ##        ##  ##    ##  ##       ##     ## ##     ##       ## ##
     ##       #### ##     ## ######## ########  ##     ##  ######  ########

You're about to initialize a Firebase project in this directory:

  D:\vst\enigma-new\enigma

[info] 
=== Project Setup
[info] 
[info] First, let's associate this project directory with a Firebase project.
[info] You can create multiple project aliases by running firebase use --add, 
[info] but for now we'll just set up a default project.
[info] 
[debug] [2024-11-11T07:44:04.767Z] Checked if tokens are valid: false, expires at: 1709928897030
[debug] [2024-11-11T07:44:04.767Z] Checked if tokens are valid: false, expires at: 1709928897030
[debug] [2024-11-11T07:44:04.767Z] > refreshing access token with scopes: []
[debug] [2024-11-11T07:44:04.769Z] >>> [apiv2][query] POST https://www.googleapis.com/oauth2/v3/token [none]
[debug] [2024-11-11T07:44:04.769Z] >>> [apiv2][body] POST https://www.googleapis.com/oauth2/v3/token [omitted]
[debug] [2024-11-11T07:44:05.016Z] <<< [apiv2][status] POST https://www.googleapis.com/oauth2/v3/token 400
[debug] [2024-11-11T07:44:05.016Z] <<< [apiv2][body] POST https://www.googleapis.com/oauth2/v3/token [omitted]
[debug] [2024-11-11T07:44:05.017Z] >>> [apiv2][query] GET https://firebase.googleapis.com/v1beta1/projects pageSize=100
[debug] [2024-11-11T07:44:06.188Z] <<< [apiv2][status] GET https://firebase.googleapis.com/v1beta1/projects 401
[debug] [2024-11-11T07:44:06.188Z] <<< [apiv2][body] GET https://firebase.googleapis.com/v1beta1/projects [omitted]
[debug] [2024-11-11T07:44:06.188Z] Got a 401 Unauthenticated error for a call that required authentication. Refreshing tokens.
[debug] [2024-11-11T07:44:06.188Z] Checked if tokens are valid: false, expires at: 1709928897030
[debug] [2024-11-11T07:44:06.188Z] Checked if tokens are valid: false, expires at: 1709928897030
[debug] [2024-11-11T07:44:06.188Z] > refreshing access token with scopes: []
[debug] [2024-11-11T07:44:06.188Z] >>> [apiv2][query] POST https://www.googleapis.com/oauth2/v3/token [none]
[debug] [2024-11-11T07:44:06.188Z] >>> [apiv2][body] POST https://www.googleapis.com/oauth2/v3/token [omitted]
[debug] [2024-11-11T07:44:06.268Z] <<< [apiv2][status] POST https://www.googleapis.com/oauth2/v3/token 400
[debug] [2024-11-11T07:44:06.268Z] <<< [apiv2][body] POST https://www.googleapis.com/oauth2/v3/token [omitted]
[debug] [2024-11-11T07:44:06.269Z] Request to https://firebase.googleapis.com/v1beta1/projects?pageSize=100 had HTTP Error: 401, Request had invalid authentication credentials. Expected OAuth 2 access token, login cookie or other valid authentication credential. See https://developers.google.com/identity/sign-in/web/devconsole-project.
[debug] [2024-11-11T07:44:06.411Z] FirebaseError: Request to https://firebase.googleapis.com/v1beta1/projects?pageSize=100 had HTTP Error: 401, Request had invalid authentication credentials. Expected OAuth 2 access token, login cookie or other valid authentication credential. See https://developers.google.com/identity/sign-in/web/devconsole-project.
    at responseToError (C:\Users\Vishnu\AppData\Roaming\npm\node_modules\firebase-tools\lib\responseToError.js:52:12)
    at RetryOperation._fn (C:\Users\Vishnu\AppData\Roaming\npm\node_modules\firebase-tools\lib\apiv2.js:312:77)
    at process.processTicksAndRejections (node:internal/process/task_queues:95:5)
[error] 
[error] Error: Failed to list Firebase projects. See firebase-debug.log for more info.
[debug] [2024-11-11T07:44:11.665Z] ----------------------------------------------------------------------
[debug] [2024-11-11T07:44:11.667Z] Command:       C:\Program Files\nodejs\node.exe C:\Users\Vishnu\AppData\Roaming\npm\node_modules\firebase-tools\lib\bin\firebase.js init
[debug] [2024-11-11T07:44:11.667Z] CLI Version:   13.24.2
[debug] [2024-11-11T07:44:11.668Z] Platform:      win32
[debug] [2024-11-11T07:44:11.668Z] Node Version:  v20.17.0
[debug] [2024-11-11T07:44:11.668Z] Time:          Mon Nov 11 2024 13:14:11 GMT+0530 (India Standard Time)
[debug] [2024-11-11T07:44:11.668Z] ----------------------------------------------------------------------
[debug] 
[debug] [2024-11-11T07:44:11.672Z] > command requires scopes: ["email","openid","https://www.googleapis.com/auth/cloudplatformprojects.readonly","https://www.googleapis.com/auth/firebase","https://www.googleapis.com/auth/cloud-platform"]
[debug] [2024-11-11T07:44:11.672Z] > authorizing via signed-in user (vishnuskky2001@gmail.com)
[info] 
     ######## #### ########  ######## ########     ###     ######  ########
     ##        ##  ##     ## ##       ##     ##  ##   ##  ##       ##
     ######    ##  ########  ######   ########  #########  ######  ######
     ##        ##  ##    ##  ##       ##     ## ##     ##       ## ##
     ##       #### ##     ## ######## ########  ##     ##  ######  ########

You're about to initialize a Firebase project in this directory:

  D:\vst\enigma-new\enigma

[info] 
=== Project Setup
[info] 
[info] First, let's associate this project directory with a Firebase project.
[info] You can create multiple project aliases by running firebase use --add, 
[info] but for now we'll just set up a default project.
[info] 
[info] i  If you want to create a project in a Google Cloud organization or folder, please use "firebase projects:create" instead, and return to this command when you've created the project. 
[debug] [2024-11-11T07:45:17.101Z] Checked if tokens are valid: false, expires at: 1709928897030
[debug] [2024-11-11T07:45:17.101Z] Checked if tokens are valid: false, expires at: 1709928897030
[debug] [2024-11-11T07:45:17.101Z] > refreshing access token with scopes: []
[debug] [2024-11-11T07:45:17.102Z] >>> [apiv2][query] POST https://www.googleapis.com/oauth2/v3/token [none]
[debug] [2024-11-11T07:45:17.103Z] >>> [apiv2][body] POST https://www.googleapis.com/oauth2/v3/token [omitted]
[debug] [2024-11-11T07:45:17.283Z] <<< [apiv2][status] POST https://www.googleapis.com/oauth2/v3/token 400
[debug] [2024-11-11T07:45:17.284Z] <<< [apiv2][body] POST https://www.googleapis.com/oauth2/v3/token [omitted]
[debug] [2024-11-11T07:45:17.284Z] >>> [apiv2][query] POST https://cloudresourcemanager.googleapis.com/v1/projects [none]
[debug] [2024-11-11T07:45:17.284Z] >>> [apiv2][body] POST https://cloudresourcemanager.googleapis.com/v1/projects {"projectId":"enigma-6e073","name":"enigma"}
[debug] [2024-11-11T07:45:18.555Z] <<< [apiv2][status] POST https://cloudresourcemanager.googleapis.com/v1/projects 401
[debug] [2024-11-11T07:45:18.555Z] <<< [apiv2][body] POST https://cloudresourcemanager.googleapis.com/v1/projects {"error":{"code":401,"message":"Request had invalid authentication credentials. Expected OAuth 2 access token, login cookie or other valid authentication credential. See https://developers.google.com/identity/sign-in/web/devconsole-project.","status":"UNAUTHENTICATED","details":[{"@type":"type.googleapis.com/google.rpc.ErrorInfo","reason":"ACCESS_TOKEN_TYPE_UNSUPPORTED","metadata":{"service":"cloudresourcemanager.googleapis.com","method":"google.cloudresourcemanager.v1.Projects.CreateProject"}}]}}
[debug] [2024-11-11T07:45:18.555Z] Got a 401 Unauthenticated error for a call that required authentication. Refreshing tokens.
[debug] [2024-11-11T07:45:18.555Z] Checked if tokens are valid: false, expires at: 1709928897030
[debug] [2024-11-11T07:45:18.555Z] Checked if tokens are valid: false, expires at: 1709928897030
[debug] [2024-11-11T07:45:18.555Z] > refreshing access token with scopes: []
[debug] [2024-11-11T07:45:18.555Z] >>> [apiv2][query] POST https://www.googleapis.com/oauth2/v3/token [none]
[debug] [2024-11-11T07:45:18.556Z] >>> [apiv2][body] POST https://www.googleapis.com/oauth2/v3/token [omitted]
[debug] [2024-11-11T07:45:18.626Z] <<< [apiv2][status] POST https://www.googleapis.com/oauth2/v3/token 400
[debug] [2024-11-11T07:45:18.626Z] <<< [apiv2][body] POST https://www.googleapis.com/oauth2/v3/token [omitted]
[debug] [2024-11-11T07:45:18.802Z] FirebaseError: Request to https://cloudresourcemanager.googleapis.com/v1/projects had HTTP Error: 401, Request had invalid authentication credentials. Expected OAuth 2 access token, login cookie or other valid authentication credential. See https://developers.google.com/identity/sign-in/web/devconsole-project.
    at responseToError (C:\Users\Vishnu\AppData\Roaming\npm\node_modules\firebase-tools\lib\responseToError.js:52:12)
    at RetryOperation._fn (C:\Users\Vishnu\AppData\Roaming\npm\node_modules\firebase-tools\lib\apiv2.js:312:77)
    at process.processTicksAndRejections (node:internal/process/task_queues:95:5)
[error] 
[error] Error: Failed to create project. See firebase-debug.log for more info.
